<?xml version="1.0" encoding="UTF-8"?>
<!-- Generated by org.testng.reporters.JUnitReportReporter -->
<testsuite skipped="0" hostname="DESKTOP-3B4T37D" name="linkstesting.LinkTesting1" tests="1" failures="0" timestamp="24 Jul 2017 14:41:43 GMT" time="11.645" errors="0">
  <testcase name="tetslink" time="11.645" classname="linkstesting.LinkTesting1"/>
</testsuite> <!-- linkstesting.LinkTesting1 -->
