<?xml version="1.0" encoding="UTF-8"?>
<!-- Generated by org.testng.reporters.JUnitReportReporter -->
<testsuite skipped="0" hostname="DESKTOP-3B4T37D" name="practice1.SingleDropdown" tests="2" failures="0" timestamp="23 Jul 2017 13:02:19 GMT" time="37.530" errors="0">
  <testcase name="SingleDropDown" time="17.423" classname="practice1.SingleDropdown"/>
  <testcase name="SingleDropDown" time="20.107" classname="practice1.SingleDropdown"/>
</testsuite> <!-- practice1.SingleDropdown -->
