<?xml version="1.0" encoding="UTF-8"?>
<!-- Generated by org.testng.reporters.JUnitReportReporter -->
<testsuite skipped="0" hostname="DESKTOP-3B4T37D" name="dropdowntesting.SingleDropdown" tests="1" failures="0" timestamp="27 Jul 2017 17:52:42 GMT" time="12.837" errors="0">
  <testcase name="f" time="12.837" classname="dropdowntesting.SingleDropdown"/>
</testsuite> <!-- dropdowntesting.SingleDropdown -->
