<?xml version="1.0" encoding="UTF-8"?>
<!-- Generated by org.testng.reporters.JUnitReportReporter -->
<testsuite skipped="0" hostname="DESKTOP-3B4T37D" name="linkstesting.LinkTesting2" tests="1" failures="0" timestamp="24 Jul 2017 15:47:10 GMT" time="47.992" errors="0">
  <testcase name="links" time="47.992" classname="linkstesting.LinkTesting2"/>
</testsuite> <!-- linkstesting.LinkTesting2 -->
