<?xml version="1.0" encoding="UTF-8"?>
<!-- Generated by org.testng.reporters.JUnitReportReporter -->
<testsuite skipped="0" hostname="DESKTOP-3B4T37D" name="dropdowntesting.DropdownTesting1" tests="1" failures="0" timestamp="28 Jul 2017 18:44:22 GMT" time="27.535" errors="0">
  <testcase name="f" time="27.535" classname="dropdowntesting.DropdownTesting1"/>
</testsuite> <!-- dropdowntesting.DropdownTesting1 -->
