<?xml version="1.0" encoding="UTF-8"?>
<!-- Generated by org.testng.reporters.JUnitReportReporter -->
<testsuite skipped="0" hostname="DESKTOP-3B4T37D" name="linkstesting.BrokenLinkTesting" tests="1" failures="0" timestamp="27 Jul 2017 18:20:02 GMT" time="28.683" errors="0">
  <testcase name="brokenLinks" time="28.683" classname="linkstesting.BrokenLinkTesting"/>
</testsuite> <!-- linkstesting.BrokenLinkTesting -->
