<?xml version="1.0" encoding="UTF-8"?>
<!-- Generated by org.testng.reporters.JUnitReportReporter -->
<testsuite skipped="0" hostname="DESKTOP-3B4T37D" name="dropdowntesting.Single1" tests="1" failures="0" timestamp="26 Jul 2017 18:31:10 GMT" time="12.503" errors="0">
  <testcase name="singleDropDown" time="12.503" classname="dropdowntesting.Single1"/>
</testsuite> <!-- dropdowntesting.Single1 -->
