<?xml version="1.0" encoding="UTF-8"?>
<!-- Generated by org.testng.reporters.JUnitReportReporter -->
<testsuite skipped="0" hostname="DESKTOP-3B4T37D" name="TestNG.TestNGwork1" tests="1" failures="0" timestamp="20 Jul 2017 17:12:14 GMT" time="52.420" errors="0">
  <testcase name="a" time="52.420" classname="TestNG.TestNGwork1"/>
</testsuite> <!-- TestNG.TestNGwork1 -->
