<?xml version="1.0" encoding="UTF-8"?>
<!-- Generated by org.testng.reporters.JUnitReportReporter -->
<testsuite skipped="0" hostname="DESKTOP-3B4T37D" name="TestNG.TestNGSample1" tests="2" failures="0" timestamp="20 Jul 2017 17:12:14 GMT" time="0.015" errors="0">
  <testcase name="m" time="0.008" classname="TestNG.TestNGSample1"/>
  <testcase name="f" time="0.007" classname="TestNG.TestNGSample1"/>
</testsuite> <!-- TestNG.TestNGSample1 -->
